<?xml version="1.0" encoding="UTF-8"?>
<testsuite xmlns:xsi="http://www.w3.org/2001/XMLSchema-instance" xsi:noNamespaceSchemaLocation="https://maven.apache.org/surefire/maven-surefire-plugin/xsd/surefire-test-report.xsd" version="3.0.2" name="TestSuite" time="25.043" tests="2" errors="0" skipped="0" failures="0">
  <properties>
[...]
</properties>
  <testcase name="certify_account_registration" classname="testCases.TC001_AccountRegistrationTest" time="3.14"/>
  <testcase name="verify_login" classname="testCases.TC002_LoginTest" time="1.684"/>
</testsuite>