<?xml version="1.0" encoding="UTF-8"?>
<testng-results ignored="0" total="2" passed="2" failed="0" skipped="0">
  <reporter-output>
  </reporter-output>
  <suite started-at="2025-06-14T11:05:12 CDT" name="Master Suite" finished-at="2025-06-14T11:05:37 CDT" duration-ms="24987">
    <groups>
      <group name="Master">
        <method signature="TC001_AccountRegistrationTest.certify_account_registration()[pri:0, instance:testCases.TC001_AccountRegistrationTest@42f8285e]" name="certify_account_registration" class="testCases.TC001_AccountRegistrationTest"/>
        <method signature="TC002_LoginTest.verify_login()[pri:0, instance:testCases.TC002_LoginTest@a43ce46]" name="verify_login" class="testCases.TC002_LoginTest"/>
      </group> <!-- Master -->
      <group name="Sanity">
        <method signature="TC002_LoginTest.verify_login()[pri:0, instance:testCases.TC002_LoginTest@a43ce46]" name="verify_login" class="testCases.TC002_LoginTest"/>
      </group> <!-- Sanity -->
      <group name="Regression">
        <method signature="TC001_AccountRegistrationTest.certify_account_registration()[pri:0, instance:testCases.TC001_AccountRegistrationTest@42f8285e]" name="certify_account_registration" class="testCases.TC001_AccountRegistrationTest"/>
      </group> <!-- Regression -->
    </groups>
    <test started-at="2025-06-14T11:05:12 CDT" name="ChromeTest" finished-at="2025-06-14T11:05:37 CDT" duration-ms="24987">
      <class name="testCases.TC002_LoginTest">
        <test-method is-config="true" signature="setup(java.lang.String,java.lang.String)[pri:0, instance:testCases.TC002_LoginTest@a43ce46]" started-at="2025-06-14T11:05:25 CDT" name="setup" finished-at="2025-06-14T11:05:29 CDT" duration-ms="4653" status="PASS">
          <params>
            <param index="0">
              <value>
                <![CDATA[Windows]]>
              </value>
            </param>
            <param index="1">
              <value>
                <![CDATA[chrome]]>
              </value>
            </param>
          </params>
          <reporter-output>
          </reporter-output>
        </test-method> <!-- setup -->
        <test-method signature="verify_login()[pri:0, instance:testCases.TC002_LoginTest@a43ce46]" started-at="2025-06-14T11:05:29 CDT" name="verify_login" finished-at="2025-06-14T11:05:32 CDT" duration-ms="2738" status="PASS">
          <reporter-output>
          </reporter-output>
        </test-method> <!-- verify_login -->
        <test-method is-config="true" signature="tearDown()[pri:0, instance:testCases.TC002_LoginTest@a43ce46]" started-at="2025-06-14T11:05:32 CDT" name="tearDown" finished-at="2025-06-14T11:05:37 CDT" duration-ms="5290" status="PASS">
          <reporter-output>
          </reporter-output>
        </test-method> <!-- tearDown -->
      </class> <!-- testCases.TC002_LoginTest -->
      <class name="testCases.TC001_AccountRegistrationTest">
        <test-method is-config="true" signature="setup(java.lang.String,java.lang.String)[pri:0, instance:testCases.TC001_AccountRegistrationTest@42f8285e]" started-at="2025-06-14T11:05:12 CDT" name="setup" finished-at="2025-06-14T11:05:16 CDT" duration-ms="4022" status="PASS">
          <params>
            <param index="0">
              <value>
                <![CDATA[Windows]]>
              </value>
            </param>
            <param index="1">
              <value>
                <![CDATA[chrome]]>
              </value>
            </param>
          </params>
          <reporter-output>
          </reporter-output>
        </test-method> <!-- setup -->
        <test-method signature="certify_account_registration()[pri:0, instance:testCases.TC001_AccountRegistrationTest@42f8285e]" started-at="2025-06-14T11:05:16 CDT" name="certify_account_registration" finished-at="2025-06-14T11:05:19 CDT" duration-ms="2786" status="PASS">
          <reporter-output>
          </reporter-output>
        </test-method> <!-- certify_account_registration -->
        <test-method is-config="true" signature="tearDown()[pri:0, instance:testCases.TC001_AccountRegistrationTest@42f8285e]" started-at="2025-06-14T11:05:19 CDT" name="tearDown" finished-at="2025-06-14T11:05:25 CDT" duration-ms="5279" status="PASS">
          <reporter-output>
          </reporter-output>
        </test-method> <!-- tearDown -->
      </class> <!-- testCases.TC001_AccountRegistrationTest -->
    </test> <!-- ChromeTest -->
  </suite> <!-- Master Suite -->
</testng-results>
